生成启动时间为 2017/12/14 22:21:44。
     1>项目“C:\Users\aaa\documents\visual studio 2010\Projects\C++exercise\C++exercise\C++exercise.vcxproj”在节点 2 上(build 个目标)。
     1>InitializeBuildStatus:
         正在创建“Debug\C++exercise.unsuccessfulbuild”，因为已指定“AlwaysCreate”。
       ClCompile:
         所有输出均为最新。
         C:\Program Files (x86)\Microsoft Visual Studio 10.0\VC\bin\CL.exe /c /ZI /nologo /W3 /WX- /Od /Oy- /D WIN32 /D _DEBUG /D _CONSOLE /D _UNICODE /D UNICODE /Gm /EHsc /RTC1 /MDd /GS /fp:precise /Zc:wchar_t /Zc:forScope /Yu"StdAfx.h" /Fp"Debug\C++exercise.pch" /Fo"Debug\\" /Fd"Debug\vc100.pdb" /Gd /TP /analyze- /errorReport:prompt MAX.cpp
         MAX.cpp
       ManifestResourceCompile:
         所有输出均为最新。
       Link:
         C:\Program Files (x86)\Microsoft Visual Studio 10.0\VC\bin\link.exe /ERRORREPORT:PROMPT /OUT:"C:\Users\aaa\documents\visual studio 2010\Projects\C++exercise\Debug\C++exercise.exe" /INCREMENTAL /NOLOGO kernel32.lib user32.lib gdi32.lib winspool.lib comdlg32.lib advapi32.lib shell32.lib ole32.lib oleaut32.lib uuid.lib odbc32.lib odbccp32.lib /MANIFEST /ManifestFile:"Debug\C++exercise.exe.intermediate.manifest" /MANIFESTUAC:"level='asInvoker' uiAccess='false'" /DEBUG /PDB:"C:\Users\aaa\documents\visual studio 2010\Projects\C++exercise\Debug\C++exercise.pdb" /SUBSYSTEM:CONSOLE /TLBID:1 /DYNAMICBASE /NXCOMPAT /IMPLIB:"C:\Users\aaa\documents\visual studio 2010\Projects\C++exercise\Debug\C++exercise.lib" /MACHINE:X86 Debug\C++exercise.exe.embed.manifest.res
         Debug\C++exercise.obj
         Debug\MAX.obj
         Debug\stdafx.obj
     1>LINK : warning LNK4067: 不明确的入口点；选定“mainCRTStartup”
       Manifest:
         C:\Program Files (x86)\Microsoft SDKs\Windows\v7.0A\bin\mt.exe /nologo /verbose /out:"Debug\C++exercise.exe.embed.manifest" /manifest Debug\C++exercise.exe.intermediate.manifest
         所有输出均为最新。
       LinkEmbedManifest:
         所有输出均为最新。
         C++exercise.vcxproj -> C:\Users\aaa\documents\visual studio 2010\Projects\C++exercise\Debug\C++exercise.exe
       FinalizeBuildStatus:
         正在删除文件“Debug\C++exercise.unsuccessfulbuild”。
         正在对“Debug\C++exercise.lastbuildstate”执行 Touch 任务。
     1>已完成生成项目“C:\Users\aaa\documents\visual studio 2010\Projects\C++exercise\C++exercise\C++exercise.vcxproj”(build 个目标)的操作。

生成成功。

已用时间 00:00:01.70
